[1107/190655.540:ERROR:browser_process_sub_thread.cc(221)] Waited 25 ms for network service
[1107/194305.321:WARNING:spdy_session.cc(3326)] Received HEADERS for invalid stream 25
[1107/194305.373:WARNING:spdy_session.cc(3326)] Received HEADERS for invalid stream 29
[1107/194641.264:ERROR:broker_win.cc(55)] Error reading broker pipe: The pipe has been ended. (0x6D)
[1107/195205.219:INFO:CONSOLE(1)] "
It looks like you're using the development build of the Firebase JS SDK.
When deploying Firebase apps to production, it is advisable to only import
the individual SDK components you intend to use.

For the module builds, these are available in the following manner
(replace <PACKAGE> with the name of a component - i.e. auth, database, etc):

CommonJS Modules:
const firebase = require('firebase/app');
require('firebase/<PACKAGE>');

ES Modules:
import firebase from 'firebase/app';
import 'firebase/<PACKAGE>';

Typescript:
import * as firebase from 'firebase/app';
import 'firebase/<PACKAGE>';
", source: https://liberity-a214c.firebaseapp.com/static/js/2.08863c78.chunk.js (1)
[1107/201210.103:ERROR:browser_process_sub_thread.cc(221)] Waited 239 ms for network service
[1107/201633.792:INFO:CONSOLE(1)] "
It looks like you're using the development build of the Firebase JS SDK.
When deploying Firebase apps to production, it is advisable to only import
the individual SDK components you intend to use.

For the module builds, these are available in the following manner
(replace <PACKAGE> with the name of a component - i.e. auth, database, etc):

CommonJS Modules:
const firebase = require('firebase/app');
require('firebase/<PACKAGE>');

ES Modules:
import firebase from 'firebase/app';
import 'firebase/<PACKAGE>';

Typescript:
import * as firebase from 'firebase/app';
import 'firebase/<PACKAGE>';
", source: https://liberity-a214c.firebaseapp.com/static/js/2.08863c78.chunk.js (1)
[1107/201633.836:INFO:CONSOLE(1)] "
It looks like you're using the development build of the Firebase JS SDK.
When deploying Firebase apps to production, it is advisable to only import
the individual SDK components you intend to use.

For the module builds, these are available in the following manner
(replace <PACKAGE> with the name of a component - i.e. auth, database, etc):

CommonJS Modules:
const firebase = require('firebase/app');
require('firebase/<PACKAGE>');

ES Modules:
import firebase from 'firebase/app';
import 'firebase/<PACKAGE>';

Typescript:
import * as firebase from 'firebase/app';
import 'firebase/<PACKAGE>';
", source: https://liberity-a214c.firebaseapp.com/static/js/2.08863c78.chunk.js (1)
[1107/201633.836:INFO:CONSOLE(1)] "
It looks like you're using the development build of the Firebase JS SDK.
When deploying Firebase apps to production, it is advisable to only import
the individual SDK components you intend to use.

For the module builds, these are available in the following manner
(replace <PACKAGE> with the name of a component - i.e. auth, database, etc):

CommonJS Modules:
const firebase = require('firebase/app');
require('firebase/<PACKAGE>');

ES Modules:
import firebase from 'firebase/app';
import 'firebase/<PACKAGE>';

Typescript:
import * as firebase from 'firebase/app';
import 'firebase/<PACKAGE>';
", source: https://liberity-a214c.firebaseapp.com/static/js/2.08863c78.chunk.js (1)
[1107/201633.836:INFO:CONSOLE(1)] "
It looks like you're using the development build of the Firebase JS SDK.
When deploying Firebase apps to production, it is advisable to only import
the individual SDK components you intend to use.

For the module builds, these are available in the following manner
(replace <PACKAGE> with the name of a component - i.e. auth, database, etc):

CommonJS Modules:
const firebase = require('firebase/app');
require('firebase/<PACKAGE>');

ES Modules:
import firebase from 'firebase/app';
import 'firebase/<PACKAGE>';

Typescript:
import * as firebase from 'firebase/app';
import 'firebase/<PACKAGE>';
", source: https://liberity-a214c.firebaseapp.com/static/js/2.08863c78.chunk.js (1)
[1107/201633.836:INFO:CONSOLE(1)] "
It looks like you're using the development build of the Firebase JS SDK.
When deploying Firebase apps to production, it is advisable to only import
the individual SDK components you intend to use.

For the module builds, these are available in the following manner
(replace <PACKAGE> with the name of a component - i.e. auth, database, etc):

CommonJS Modules:
const firebase = require('firebase/app');
require('firebase/<PACKAGE>');

ES Modules:
import firebase from 'firebase/app';
import 'firebase/<PACKAGE>';

Typescript:
import * as firebase from 'firebase/app';
import 'firebase/<PACKAGE>';
", source: https://liberity-a214c.firebaseapp.com/static/js/2.08863c78.chunk.js (1)
[1107/201633.836:INFO:CONSOLE(1)] "
It looks like you're using the development build of the Firebase JS SDK.
When deploying Firebase apps to production, it is advisable to only import
the individual SDK components you intend to use.

For the module builds, these are available in the following manner
(replace <PACKAGE> with the name of a component - i.e. auth, database, etc):

CommonJS Modules:
const firebase = require('firebase/app');
require('firebase/<PACKAGE>');

ES Modules:
import firebase from 'firebase/app';
import 'firebase/<PACKAGE>';

Typescript:
import * as firebase from 'firebase/app';
import 'firebase/<PACKAGE>';
", source: https://liberity-a214c.firebaseapp.com/static/js/2.08863c78.chunk.js (1)
[1107/201633.836:INFO:CONSOLE(1)] "
It looks like you're using the development build of the Firebase JS SDK.
When deploying Firebase apps to production, it is advisable to only import
the individual SDK components you intend to use.

For the module builds, these are available in the following manner
(replace <PACKAGE> with the name of a component - i.e. auth, database, etc):

CommonJS Modules:
const firebase = require('firebase/app');
require('firebase/<PACKAGE>');

ES Modules:
import firebase from 'firebase/app';
import 'firebase/<PACKAGE>';

Typescript:
import * as firebase from 'firebase/app';
import 'firebase/<PACKAGE>';
", source: https://liberity-a214c.firebaseapp.com/static/js/2.08863c78.chunk.js (1)
[1107/201633.836:INFO:CONSOLE(1)] "
It looks like you're using the development build of the Firebase JS SDK.
When deploying Firebase apps to production, it is advisable to only import
the individual SDK components you intend to use.

For the module builds, these are available in the following manner
(replace <PACKAGE> with the name of a component - i.e. auth, database, etc):

CommonJS Modules:
const firebase = require('firebase/app');
require('firebase/<PACKAGE>');

ES Modules:
import firebase from 'firebase/app';
import 'firebase/<PACKAGE>';

Typescript:
import * as firebase from 'firebase/app';
import 'firebase/<PACKAGE>';
", source: https://liberity-a214c.firebaseapp.com/static/js/2.08863c78.chunk.js (1)
[1107/201633.836:INFO:CONSOLE(1)] "
It looks like you're using the development build of the Firebase JS SDK.
When deploying Firebase apps to production, it is advisable to only import
the individual SDK components you intend to use.

For the module builds, these are available in the following manner
(replace <PACKAGE> with the name of a component - i.e. auth, database, etc):

CommonJS Modules:
const firebase = require('firebase/app');
require('firebase/<PACKAGE>');

ES Modules:
import firebase from 'firebase/app';
import 'firebase/<PACKAGE>';

Typescript:
import * as firebase from 'firebase/app';
import 'firebase/<PACKAGE>';
", source: https://liberity-a214c.firebaseapp.com/static/js/2.08863c78.chunk.js (1)
[1107/201633.836:INFO:CONSOLE(1)] "
It looks like you're using the development build of the Firebase JS SDK.
When deploying Firebase apps to production, it is advisable to only import
the individual SDK components you intend to use.

For the module builds, these are available in the following manner
(replace <PACKAGE> with the name of a component - i.e. auth, database, etc):

CommonJS Modules:
const firebase = require('firebase/app');
require('firebase/<PACKAGE>');

ES Modules:
import firebase from 'firebase/app';
import 'firebase/<PACKAGE>';

Typescript:
import * as firebase from 'firebase/app';
import 'firebase/<PACKAGE>';
", source: https://liberity-a214c.firebaseapp.com/static/js/2.08863c78.chunk.js (1)
[1107/201633.836:INFO:CONSOLE(1)] "
It looks like you're using the development build of the Firebase JS SDK.
When deploying Firebase apps to production, it is advisable to only import
the individual SDK components you intend to use.

For the module builds, these are available in the following manner
(replace <PACKAGE> with the name of a component - i.e. auth, database, etc):

CommonJS Modules:
const firebase = require('firebase/app');
require('firebase/<PACKAGE>');

ES Modules:
import firebase from 'firebase/app';
import 'firebase/<PACKAGE>';

Typescript:
import * as firebase from 'firebase/app';
import 'firebase/<PACKAGE>';
", source: https://liberity-a214c.firebaseapp.com/static/js/2.08863c78.chunk.js (1)
[1107/201633.836:INFO:CONSOLE(1)] "
It looks like you're using the development build of the Firebase JS SDK.
When deploying Firebase apps to production, it is advisable to only import
the individual SDK components you intend to use.

For the module builds, these are available in the following manner
(replace <PACKAGE> with the name of a component - i.e. auth, database, etc):

CommonJS Modules:
const firebase = require('firebase/app');
require('firebase/<PACKAGE>');

ES Modules:
import firebase from 'firebase/app';
import 'firebase/<PACKAGE>';

Typescript:
import * as firebase from 'firebase/app';
import 'firebase/<PACKAGE>';
", source: https://liberity-a214c.firebaseapp.com/static/js/2.08863c78.chunk.js (1)
[1107/201633.836:INFO:CONSOLE(1)] "
It looks like you're using the development build of the Firebase JS SDK.
When deploying Firebase apps to production, it is advisable to only import
the individual SDK components you intend to use.

For the module builds, these are available in the following manner
(replace <PACKAGE> with the name of a component - i.e. auth, database, etc):

CommonJS Modules:
const firebase = require('firebase/app');
require('firebase/<PACKAGE>');

ES Modules:
import firebase from 'firebase/app';
import 'firebase/<PACKAGE>';

Typescript:
import * as firebase from 'firebase/app';
import 'firebase/<PACKAGE>';
", source: https://liberity-a214c.firebaseapp.com/static/js/2.08863c78.chunk.js (1)
[1107/201633.836:INFO:CONSOLE(1)] "
It looks like you're using the development build of the Firebase JS SDK.
When deploying Firebase apps to production, it is advisable to only import
the individual SDK components you intend to use.

For the module builds, these are available in the following manner
(replace <PACKAGE> with the name of a component - i.e. auth, database, etc):

CommonJS Modules:
const firebase = require('firebase/app');
require('firebase/<PACKAGE>');

ES Modules:
import firebase from 'firebase/app';
import 'firebase/<PACKAGE>';

Typescript:
import * as firebase from 'firebase/app';
import 'firebase/<PACKAGE>';
", source: https://liberity-a214c.firebaseapp.com/static/js/2.08863c78.chunk.js (1)
[1107/201633.836:INFO:CONSOLE(1)] "
It looks like you're using the development build of the Firebase JS SDK.
When deploying Firebase apps to production, it is advisable to only import
the individual SDK components you intend to use.

For the module builds, these are available in the following manner
(replace <PACKAGE> with the name of a component - i.e. auth, database, etc):

CommonJS Modules:
const firebase = require('firebase/app');
require('firebase/<PACKAGE>');

ES Modules:
import firebase from 'firebase/app';
import 'firebase/<PACKAGE>';

Typescript:
import * as firebase from 'firebase/app';
import 'firebase/<PACKAGE>';
", source: https://liberity-a214c.firebaseapp.com/static/js/2.08863c78.chunk.js (1)
[1107/201633.836:INFO:CONSOLE(1)] "
It looks like you're using the development build of the Firebase JS SDK.
When deploying Firebase apps to production, it is advisable to only import
the individual SDK components you intend to use.

For the module builds, these are available in the following manner
(replace <PACKAGE> with the name of a component - i.e. auth, database, etc):

CommonJS Modules:
const firebase = require('firebase/app');
require('firebase/<PACKAGE>');

ES Modules:
import firebase from 'firebase/app';
import 'firebase/<PACKAGE>';

Typescript:
import * as firebase from 'firebase/app';
import 'firebase/<PACKAGE>';
", source: https://liberity-a214c.firebaseapp.com/static/js/2.08863c78.chunk.js (1)
[1107/201633.836:INFO:CONSOLE(1)] "
It looks like you're using the development build of the Firebase JS SDK.
When deploying Firebase apps to production, it is advisable to only import
the individual SDK components you intend to use.

For the module builds, these are available in the following manner
(replace <PACKAGE> with the name of a component - i.e. auth, database, etc):

CommonJS Modules:
const firebase = require('firebase/app');
require('firebase/<PACKAGE>');

ES Modules:
import firebase from 'firebase/app';
import 'firebase/<PACKAGE>';

Typescript:
import * as firebase from 'firebase/app';
import 'firebase/<PACKAGE>';
", source: https://liberity-a214c.firebaseapp.com/static/js/2.08863c78.chunk.js (1)
[1107/201633.840:INFO:CONSOLE(1)] "
It looks like you're using the development build of the Firebase JS SDK.
When deploying Firebase apps to production, it is advisable to only import
the individual SDK components you intend to use.

For the module builds, these are available in the following manner
(replace <PACKAGE> with the name of a component - i.e. auth, database, etc):

CommonJS Modules:
const firebase = require('firebase/app');
require('firebase/<PACKAGE>');

ES Modules:
import firebase from 'firebase/app';
import 'firebase/<PACKAGE>';

Typescript:
import * as firebase from 'firebase/app';
import 'firebase/<PACKAGE>';
", source: https://liberity-a214c.firebaseapp.com/static/js/2.08863c78.chunk.js (1)
[1107/201633.840:INFO:CONSOLE(1)] "
It looks like you're using the development build of the Firebase JS SDK.
When deploying Firebase apps to production, it is advisable to only import
the individual SDK components you intend to use.

For the module builds, these are available in the following manner
(replace <PACKAGE> with the name of a component - i.e. auth, database, etc):

CommonJS Modules:
const firebase = require('firebase/app');
require('firebase/<PACKAGE>');

ES Modules:
import firebase from 'firebase/app';
import 'firebase/<PACKAGE>';

Typescript:
import * as firebase from 'firebase/app';
import 'firebase/<PACKAGE>';
", source: https://liberity-a214c.firebaseapp.com/static/js/2.08863c78.chunk.js (1)
[1107/201644.444:INFO:CONSOLE(1)] "
It looks like you're using the development build of the Firebase JS SDK.
When deploying Firebase apps to production, it is advisable to only import
the individual SDK components you intend to use.

For the module builds, these are available in the following manner
(replace <PACKAGE> with the name of a component - i.e. auth, database, etc):

CommonJS Modules:
const firebase = require('firebase/app');
require('firebase/<PACKAGE>');

ES Modules:
import firebase from 'firebase/app';
import 'firebase/<PACKAGE>';

Typescript:
import * as firebase from 'firebase/app';
import 'firebase/<PACKAGE>';
", source: https://liberity-a214c.firebaseapp.com/static/js/2.08863c78.chunk.js (1)
[1107/201644.884:INFO:CONSOLE(1)] "
It looks like you're using the development build of the Firebase JS SDK.
When deploying Firebase apps to production, it is advisable to only import
the individual SDK components you intend to use.

For the module builds, these are available in the following manner
(replace <PACKAGE> with the name of a component - i.e. auth, database, etc):

CommonJS Modules:
const firebase = require('firebase/app');
require('firebase/<PACKAGE>');

ES Modules:
import firebase from 'firebase/app';
import 'firebase/<PACKAGE>';

Typescript:
import * as firebase from 'firebase/app';
import 'firebase/<PACKAGE>';
", source: https://liberity-a214c.firebaseapp.com/static/js/2.08863c78.chunk.js (1)
[1107/201646.499:INFO:CONSOLE(1)] "
It looks like you're using the development build of the Firebase JS SDK.
When deploying Firebase apps to production, it is advisable to only import
the individual SDK components you intend to use.

For the module builds, these are available in the following manner
(replace <PACKAGE> with the name of a component - i.e. auth, database, etc):

CommonJS Modules:
const firebase = require('firebase/app');
require('firebase/<PACKAGE>');

ES Modules:
import firebase from 'firebase/app';
import 'firebase/<PACKAGE>';

Typescript:
import * as firebase from 'firebase/app';
import 'firebase/<PACKAGE>';
", source: https://liberity-a214c.firebaseapp.com/static/js/2.08863c78.chunk.js (1)
[1107/201648.895:INFO:CONSOLE(1)] "
It looks like you're using the development build of the Firebase JS SDK.
When deploying Firebase apps to production, it is advisable to only import
the individual SDK components you intend to use.

For the module builds, these are available in the following manner
(replace <PACKAGE> with the name of a component - i.e. auth, database, etc):

CommonJS Modules:
const firebase = require('firebase/app');
require('firebase/<PACKAGE>');

ES Modules:
import firebase from 'firebase/app';
import 'firebase/<PACKAGE>';

Typescript:
import * as firebase from 'firebase/app';
import 'firebase/<PACKAGE>';
", source: https://liberity-a214c.firebaseapp.com/static/js/2.08863c78.chunk.js (1)
[1107/201648.899:INFO:CONSOLE(1)] "
It looks like you're using the development build of the Firebase JS SDK.
When deploying Firebase apps to production, it is advisable to only import
the individual SDK components you intend to use.

For the module builds, these are available in the following manner
(replace <PACKAGE> with the name of a component - i.e. auth, database, etc):

CommonJS Modules:
const firebase = require('firebase/app');
require('firebase/<PACKAGE>');

ES Modules:
import firebase from 'firebase/app';
import 'firebase/<PACKAGE>';

Typescript:
import * as firebase from 'firebase/app';
import 'firebase/<PACKAGE>';
", source: https://liberity-a214c.firebaseapp.com/static/js/2.08863c78.chunk.js (1)
[1107/201648.903:INFO:CONSOLE(1)] "
It looks like you're using the development build of the Firebase JS SDK.
When deploying Firebase apps to production, it is advisable to only import
the individual SDK components you intend to use.

For the module builds, these are available in the following manner
(replace <PACKAGE> with the name of a component - i.e. auth, database, etc):

CommonJS Modules:
const firebase = require('firebase/app');
require('firebase/<PACKAGE>');

ES Modules:
import firebase from 'firebase/app';
import 'firebase/<PACKAGE>';

Typescript:
import * as firebase from 'firebase/app';
import 'firebase/<PACKAGE>';
", source: https://liberity-a214c.firebaseapp.com/static/js/2.08863c78.chunk.js (1)
[1107/201648.903:INFO:CONSOLE(1)] "
It looks like you're using the development build of the Firebase JS SDK.
When deploying Firebase apps to production, it is advisable to only import
the individual SDK components you intend to use.

For the module builds, these are available in the following manner
(replace <PACKAGE> with the name of a component - i.e. auth, database, etc):

CommonJS Modules:
const firebase = require('firebase/app');
require('firebase/<PACKAGE>');

ES Modules:
import firebase from 'firebase/app';
import 'firebase/<PACKAGE>';

Typescript:
import * as firebase from 'firebase/app';
import 'firebase/<PACKAGE>';
", source: https://liberity-a214c.firebaseapp.com/static/js/2.08863c78.chunk.js (1)
[1107/201704.156:ERROR:browser_process_sub_thread.cc(221)] Waited 1471 ms for network service
[1107/202039.474:INFO:CONSOLE(1)] "
It looks like you're using the development build of the Firebase JS SDK.
When deploying Firebase apps to production, it is advisable to only import
the individual SDK components you intend to use.

For the module builds, these are available in the following manner
(replace <PACKAGE> with the name of a component - i.e. auth, database, etc):

CommonJS Modules:
const firebase = require('firebase/app');
require('firebase/<PACKAGE>');

ES Modules:
import firebase from 'firebase/app';
import 'firebase/<PACKAGE>';

Typescript:
import * as firebase from 'firebase/app';
import 'firebase/<PACKAGE>';
", source: https://liberity-a214c.firebaseapp.com/static/js/2.08863c78.chunk.js (1)
[1107/202042.059:INFO:CONSOLE(1)] "
It looks like you're using the development build of the Firebase JS SDK.
When deploying Firebase apps to production, it is advisable to only import
the individual SDK components you intend to use.

For the module builds, these are available in the following manner
(replace <PACKAGE> with the name of a component - i.e. auth, database, etc):

CommonJS Modules:
const firebase = require('firebase/app');
require('firebase/<PACKAGE>');

ES Modules:
import firebase from 'firebase/app';
import 'firebase/<PACKAGE>';

Typescript:
import * as firebase from 'firebase/app';
import 'firebase/<PACKAGE>';
", source: https://liberity-a214c.firebaseapp.com/static/js/2.08863c78.chunk.js (1)
[1107/202044.012:INFO:CONSOLE(1)] "
It looks like you're using the development build of the Firebase JS SDK.
When deploying Firebase apps to production, it is advisable to only import
the individual SDK components you intend to use.

For the module builds, these are available in the following manner
(replace <PACKAGE> with the name of a component - i.e. auth, database, etc):

CommonJS Modules:
const firebase = require('firebase/app');
require('firebase/<PACKAGE>');

ES Modules:
import firebase from 'firebase/app';
import 'firebase/<PACKAGE>';

Typescript:
import * as firebase from 'firebase/app';
import 'firebase/<PACKAGE>';
", source: https://liberity-a214c.firebaseapp.com/static/js/2.08863c78.chunk.js (1)
[1107/202044.950:INFO:CONSOLE(1)] "
It looks like you're using the development build of the Firebase JS SDK.
When deploying Firebase apps to production, it is advisable to only import
the individual SDK components you intend to use.

For the module builds, these are available in the following manner
(replace <PACKAGE> with the name of a component - i.e. auth, database, etc):

CommonJS Modules:
const firebase = require('firebase/app');
require('firebase/<PACKAGE>');

ES Modules:
import firebase from 'firebase/app';
import 'firebase/<PACKAGE>';

Typescript:
import * as firebase from 'firebase/app';
import 'firebase/<PACKAGE>';
", source: https://liberity-a214c.firebaseapp.com/static/js/2.08863c78.chunk.js (1)
[1107/202052.966:ERROR:browser_process_sub_thread.cc(221)] Waited 17 ms for network service
[1107/202216.243:INFO:CONSOLE(1)] "
It looks like you're using the development build of the Firebase JS SDK.
When deploying Firebase apps to production, it is advisable to only import
the individual SDK components you intend to use.

For the module builds, these are available in the following manner
(replace <PACKAGE> with the name of a component - i.e. auth, database, etc):

CommonJS Modules:
const firebase = require('firebase/app');
require('firebase/<PACKAGE>');

ES Modules:
import firebase from 'firebase/app';
import 'firebase/<PACKAGE>';

Typescript:
import * as firebase from 'firebase/app';
import 'firebase/<PACKAGE>';
", source: https://liberity-a214c.firebaseapp.com/static/js/2.08863c78.chunk.js (1)
[1107/202221.646:INFO:CONSOLE(1)] "
It looks like you're using the development build of the Firebase JS SDK.
When deploying Firebase apps to production, it is advisable to only import
the individual SDK components you intend to use.

For the module builds, these are available in the following manner
(replace <PACKAGE> with the name of a component - i.e. auth, database, etc):

CommonJS Modules:
const firebase = require('firebase/app');
require('firebase/<PACKAGE>');

ES Modules:
import firebase from 'firebase/app';
import 'firebase/<PACKAGE>';

Typescript:
import * as firebase from 'firebase/app';
import 'firebase/<PACKAGE>';
", source: https://liberity-a214c.firebaseapp.com/static/js/2.08863c78.chunk.js (1)
[1107/202222.608:INFO:CONSOLE(1)] "
It looks like you're using the development build of the Firebase JS SDK.
When deploying Firebase apps to production, it is advisable to only import
the individual SDK components you intend to use.

For the module builds, these are available in the following manner
(replace <PACKAGE> with the name of a component - i.e. auth, database, etc):

CommonJS Modules:
const firebase = require('firebase/app');
require('firebase/<PACKAGE>');

ES Modules:
import firebase from 'firebase/app';
import 'firebase/<PACKAGE>';

Typescript:
import * as firebase from 'firebase/app';
import 'firebase/<PACKAGE>';
", source: https://liberity-a214c.firebaseapp.com/static/js/2.08863c78.chunk.js (1)
[1107/202225.653:INFO:CONSOLE(1)] "
It looks like you're using the development build of the Firebase JS SDK.
When deploying Firebase apps to production, it is advisable to only import
the individual SDK components you intend to use.

For the module builds, these are available in the following manner
(replace <PACKAGE> with the name of a component - i.e. auth, database, etc):

CommonJS Modules:
const firebase = require('firebase/app');
require('firebase/<PACKAGE>');

ES Modules:
import firebase from 'firebase/app';
import 'firebase/<PACKAGE>';

Typescript:
import * as firebase from 'firebase/app';
import 'firebase/<PACKAGE>';
", source: https://liberity-a214c.firebaseapp.com/static/js/2.08863c78.chunk.js (1)
[1107/202230.203:INFO:CONSOLE(1)] "
It looks like you're using the development build of the Firebase JS SDK.
When deploying Firebase apps to production, it is advisable to only import
the individual SDK components you intend to use.

For the module builds, these are available in the following manner
(replace <PACKAGE> with the name of a component - i.e. auth, database, etc):

CommonJS Modules:
const firebase = require('firebase/app');
require('firebase/<PACKAGE>');

ES Modules:
import firebase from 'firebase/app';
import 'firebase/<PACKAGE>';

Typescript:
import * as firebase from 'firebase/app';
import 'firebase/<PACKAGE>';
", source: https://liberity-a214c.firebaseapp.com/static/js/2.08863c78.chunk.js (1)
[1107/202240.873:ERROR:browser_process_sub_thread.cc(221)] Waited 30 ms for network service
[1107/202340.166:INFO:CONSOLE(1)] "
It looks like you're using the development build of the Firebase JS SDK.
When deploying Firebase apps to production, it is advisable to only import
the individual SDK components you intend to use.

For the module builds, these are available in the following manner
(replace <PACKAGE> with the name of a component - i.e. auth, database, etc):

CommonJS Modules:
const firebase = require('firebase/app');
require('firebase/<PACKAGE>');

ES Modules:
import firebase from 'firebase/app';
import 'firebase/<PACKAGE>';

Typescript:
import * as firebase from 'firebase/app';
import 'firebase/<PACKAGE>';
", source: https://liberity-a214c.firebaseapp.com/static/js/2.08863c78.chunk.js (1)
[1107/202407.926:ERROR:browser_process_sub_thread.cc(221)] Waited 24 ms for network service
[1111/160932.632:INFO:CONSOLE(1)] "
It looks like you're using the development build of the Firebase JS SDK.
When deploying Firebase apps to production, it is advisable to only import
the individual SDK components you intend to use.

For the module builds, these are available in the following manner
(replace <PACKAGE> with the name of a component - i.e. auth, database, etc):

CommonJS Modules:
const firebase = require('firebase/app');
require('firebase/<PACKAGE>');

ES Modules:
import firebase from 'firebase/app';
import 'firebase/<PACKAGE>';

Typescript:
import * as firebase from 'firebase/app';
import 'firebase/<PACKAGE>';
", source: https://liberity-a214c.firebaseapp.com/static/js/2.08863c78.chunk.js (1)
[1112/121043.633:INFO:CONSOLE(1)] "
It looks like you're using the development build of the Firebase JS SDK.
When deploying Firebase apps to production, it is advisable to only import
the individual SDK components you intend to use.

For the module builds, these are available in the following manner
(replace <PACKAGE> with the name of a component - i.e. auth, database, etc):

CommonJS Modules:
const firebase = require('firebase/app');
require('firebase/<PACKAGE>');

ES Modules:
import firebase from 'firebase/app';
import 'firebase/<PACKAGE>';

Typescript:
import * as firebase from 'firebase/app';
import 'firebase/<PACKAGE>';
", source: https://liberity-a214c.firebaseapp.com/static/js/2.08863c78.chunk.js (1)
[1112/121043.665:INFO:CONSOLE(1)] "
It looks like you're using the development build of the Firebase JS SDK.
When deploying Firebase apps to production, it is advisable to only import
the individual SDK components you intend to use.

For the module builds, these are available in the following manner
(replace <PACKAGE> with the name of a component - i.e. auth, database, etc):

CommonJS Modules:
const firebase = require('firebase/app');
require('firebase/<PACKAGE>');

ES Modules:
import firebase from 'firebase/app';
import 'firebase/<PACKAGE>';

Typescript:
import * as firebase from 'firebase/app';
import 'firebase/<PACKAGE>';
", source: https://liberity-a214c.firebaseapp.com/static/js/2.08863c78.chunk.js (1)
[1112/121106.179:ERROR:browser_process_sub_thread.cc(221)] Waited 18 ms for network service
[1112/122559.825:INFO:CONSOLE(1)] "
It looks like you're using the development build of the Firebase JS SDK.
When deploying Firebase apps to production, it is advisable to only import
the individual SDK components you intend to use.

For the module builds, these are available in the following manner
(replace <PACKAGE> with the name of a component - i.e. auth, database, etc):

CommonJS Modules:
const firebase = require('firebase/app');
require('firebase/<PACKAGE>');

ES Modules:
import firebase from 'firebase/app';
import 'firebase/<PACKAGE>';

Typescript:
import * as firebase from 'firebase/app';
import 'firebase/<PACKAGE>';
", source: https://liberity-a214c.firebaseapp.com/static/js/2.08863c78.chunk.js (1)
[1113/151248.820:INFO:CONSOLE(108763)] "%cDownload the React DevTools for a better development experience: https://fb.me/react-devtools", source: http://192.168.56.1:3000/static/js/0.chunk.js (108763)
[1113/151249.009:INFO:CONSOLE(75830)] "
It looks like you're using the development build of the Firebase JS SDK.
When deploying Firebase apps to production, it is advisable to only import
the individual SDK components you intend to use.

For the module builds, these are available in the following manner
(replace <PACKAGE> with the name of a component - i.e. auth, database, etc):

CommonJS Modules:
const firebase = require('firebase/app');
require('firebase/<PACKAGE>');

ES Modules:
import firebase from 'firebase/app';
import 'firebase/<PACKAGE>';

Typescript:
import * as firebase from 'firebase/app';
import 'firebase/<PACKAGE>';
", source: http://192.168.56.1:3000/static/js/0.chunk.js (75830)
[1113/151254.032:INFO:CONSOLE(110205)] "Warning: Each child in a list should have a unique "key" prop.%s%s See https://fb.me/react-warning-keys for more information.%s", source: http://192.168.56.1:3000/static/js/0.chunk.js (110205)
[1113/151321.220:ERROR:browser_process_sub_thread.cc(221)] Waited 9 ms for network service
[1113/160001.701:INFO:CONSOLE(108763)] "%cDownload the React DevTools for a better development experience: https://fb.me/react-devtools", source: http://192.168.56.1:3000/static/js/1.chunk.js (108763)
[1113/160002.034:INFO:CONSOLE(75830)] "
It looks like you're using the development build of the Firebase JS SDK.
When deploying Firebase apps to production, it is advisable to only import
the individual SDK components you intend to use.

For the module builds, these are available in the following manner
(replace <PACKAGE> with the name of a component - i.e. auth, database, etc):

CommonJS Modules:
const firebase = require('firebase/app');
require('firebase/<PACKAGE>');

ES Modules:
import firebase from 'firebase/app';
import 'firebase/<PACKAGE>';

Typescript:
import * as firebase from 'firebase/app';
import 'firebase/<PACKAGE>';
", source: http://192.168.56.1:3000/static/js/1.chunk.js (75830)
[1113/160007.365:INFO:CONSOLE(110205)] "Warning: Each child in a list should have a unique "key" prop.%s%s See https://fb.me/react-warning-keys for more information.%s", source: http://192.168.56.1:3000/static/js/1.chunk.js (110205)
[1113/162315.978:ERROR:browser_process_sub_thread.cc(221)] Waited 217 ms for network service
[1115/094500.693:INFO:CONSOLE(108763)] "%cDownload the React DevTools for a better development experience: https://fb.me/react-devtools", source: http://192.168.56.1:3000/static/js/0.chunk.js (108763)
[1115/094500.978:INFO:CONSOLE(75830)] "
It looks like you're using the development build of the Firebase JS SDK.
When deploying Firebase apps to production, it is advisable to only import
the individual SDK components you intend to use.

For the module builds, these are available in the following manner
(replace <PACKAGE> with the name of a component - i.e. auth, database, etc):

CommonJS Modules:
const firebase = require('firebase/app');
require('firebase/<PACKAGE>');

ES Modules:
import firebase from 'firebase/app';
import 'firebase/<PACKAGE>';

Typescript:
import * as firebase from 'firebase/app';
import 'firebase/<PACKAGE>';
", source: http://192.168.56.1:3000/static/js/0.chunk.js (75830)
[1115/094506.358:INFO:CONSOLE(110205)] "Warning: Each child in a list should have a unique "key" prop.%s%s See https://fb.me/react-warning-keys for more information.%s", source: http://192.168.56.1:3000/static/js/0.chunk.js (110205)
[1115/094514.557:INFO:CONSOLE(108763)] "%cDownload the React DevTools for a better development experience: https://fb.me/react-devtools", source: http://192.168.56.1:3000/static/js/0.chunk.js (108763)
[1115/094514.615:INFO:CONSOLE(75830)] "
It looks like you're using the development build of the Firebase JS SDK.
When deploying Firebase apps to production, it is advisable to only import
the individual SDK components you intend to use.

For the module builds, these are available in the following manner
(replace <PACKAGE> with the name of a component - i.e. auth, database, etc):

CommonJS Modules:
const firebase = require('firebase/app');
require('firebase/<PACKAGE>');

ES Modules:
import firebase from 'firebase/app';
import 'firebase/<PACKAGE>';

Typescript:
import * as firebase from 'firebase/app';
import 'firebase/<PACKAGE>';
", source: http://192.168.56.1:3000/static/js/0.chunk.js (75830)
[1115/094549.722:INFO:CONSOLE(108763)] "%cDownload the React DevTools for a better development experience: https://fb.me/react-devtools", source: http://192.168.56.1:3000/static/js/0.chunk.js (108763)
[1115/094549.765:INFO:CONSOLE(75830)] "
It looks like you're using the development build of the Firebase JS SDK.
When deploying Firebase apps to production, it is advisable to only import
the individual SDK components you intend to use.

For the module builds, these are available in the following manner
(replace <PACKAGE> with the name of a component - i.e. auth, database, etc):

CommonJS Modules:
const firebase = require('firebase/app');
require('firebase/<PACKAGE>');

ES Modules:
import firebase from 'firebase/app';
import 'firebase/<PACKAGE>';

Typescript:
import * as firebase from 'firebase/app';
import 'firebase/<PACKAGE>';
", source: http://192.168.56.1:3000/static/js/0.chunk.js (75830)
[1115/094551.732:INFO:CONSOLE(110205)] "Warning: Each child in a list should have a unique "key" prop.%s%s See https://fb.me/react-warning-keys for more information.%s", source: http://192.168.56.1:3000/static/js/0.chunk.js (110205)
[1115/094654.473:INFO:CONSOLE(108763)] "%cDownload the React DevTools for a better development experience: https://fb.me/react-devtools", source: http://192.168.56.1:3000/static/js/0.chunk.js (108763)
[1115/094654.530:INFO:CONSOLE(75830)] "
It looks like you're using the development build of the Firebase JS SDK.
When deploying Firebase apps to production, it is advisable to only import
the individual SDK components you intend to use.

For the module builds, these are available in the following manner
(replace <PACKAGE> with the name of a component - i.e. auth, database, etc):

CommonJS Modules:
const firebase = require('firebase/app');
require('firebase/<PACKAGE>');

ES Modules:
import firebase from 'firebase/app';
import 'firebase/<PACKAGE>';

Typescript:
import * as firebase from 'firebase/app';
import 'firebase/<PACKAGE>';
", source: http://192.168.56.1:3000/static/js/0.chunk.js (75830)
[1115/094656.546:INFO:CONSOLE(110205)] "Warning: Each child in a list should have a unique "key" prop.%s%s See https://fb.me/react-warning-keys for more information.%s", source: http://192.168.56.1:3000/static/js/0.chunk.js (110205)
[1115/110442.828:INFO:CONSOLE(108763)] "%cDownload the React DevTools for a better development experience: https://fb.me/react-devtools", source: http://192.168.56.1:3000/static/js/1.chunk.js (108763)
[1115/110443.097:INFO:CONSOLE(75830)] "
It looks like you're using the development build of the Firebase JS SDK.
When deploying Firebase apps to production, it is advisable to only import
the individual SDK components you intend to use.

For the module builds, these are available in the following manner
(replace <PACKAGE> with the name of a component - i.e. auth, database, etc):

CommonJS Modules:
const firebase = require('firebase/app');
require('firebase/<PACKAGE>');

ES Modules:
import firebase from 'firebase/app';
import 'firebase/<PACKAGE>';

Typescript:
import * as firebase from 'firebase/app';
import 'firebase/<PACKAGE>';
", source: http://192.168.56.1:3000/static/js/1.chunk.js (75830)
[1115/110446.298:INFO:CONSOLE(110205)] "Warning: Each child in a list should have a unique "key" prop.%s%s See https://fb.me/react-warning-keys for more information.%s", source: http://192.168.56.1:3000/static/js/1.chunk.js (110205)
[1115/111603.943:INFO:CONSOLE(108763)] "%cDownload the React DevTools for a better development experience: https://fb.me/react-devtools", source: http://192.168.56.1:3000/static/js/0.chunk.js (108763)
[1115/111604.021:INFO:CONSOLE(75830)] "
It looks like you're using the development build of the Firebase JS SDK.
When deploying Firebase apps to production, it is advisable to only import
the individual SDK components you intend to use.

For the module builds, these are available in the following manner
(replace <PACKAGE> with the name of a component - i.e. auth, database, etc):

CommonJS Modules:
const firebase = require('firebase/app');
require('firebase/<PACKAGE>');

ES Modules:
import firebase from 'firebase/app';
import 'firebase/<PACKAGE>';

Typescript:
import * as firebase from 'firebase/app';
import 'firebase/<PACKAGE>';
", source: http://192.168.56.1:3000/static/js/0.chunk.js (75830)
[1115/111607.901:INFO:CONSOLE(110205)] "Warning: Each child in a list should have a unique "key" prop.%s%s See https://fb.me/react-warning-keys for more information.%s", source: http://192.168.56.1:3000/static/js/0.chunk.js (110205)
[1115/111829.915:INFO:CONSOLE(108763)] "%cDownload the React DevTools for a better development experience: https://fb.me/react-devtools", source: http://192.168.56.1:3000/static/js/0.chunk.js (108763)
[1115/111829.973:INFO:CONSOLE(75830)] "
It looks like you're using the development build of the Firebase JS SDK.
When deploying Firebase apps to production, it is advisable to only import
the individual SDK components you intend to use.

For the module builds, these are available in the following manner
(replace <PACKAGE> with the name of a component - i.e. auth, database, etc):

CommonJS Modules:
const firebase = require('firebase/app');
require('firebase/<PACKAGE>');

ES Modules:
import firebase from 'firebase/app';
import 'firebase/<PACKAGE>';

Typescript:
import * as firebase from 'firebase/app';
import 'firebase/<PACKAGE>';
", source: http://192.168.56.1:3000/static/js/0.chunk.js (75830)
[1115/111832.821:INFO:CONSOLE(110205)] "Warning: Each child in a list should have a unique "key" prop.%s%s See https://fb.me/react-warning-keys for more information.%s", source: http://192.168.56.1:3000/static/js/0.chunk.js (110205)
[1115/112645.063:INFO:CONSOLE(108763)] "%cDownload the React DevTools for a better development experience: https://fb.me/react-devtools", source: http://192.168.56.1:3000/static/js/0.chunk.js (108763)
[1115/112645.256:INFO:CONSOLE(75830)] "
It looks like you're using the development build of the Firebase JS SDK.
When deploying Firebase apps to production, it is advisable to only import
the individual SDK components you intend to use.

For the module builds, these are available in the following manner
(replace <PACKAGE> with the name of a component - i.e. auth, database, etc):

CommonJS Modules:
const firebase = require('firebase/app');
require('firebase/<PACKAGE>');

ES Modules:
import firebase from 'firebase/app';
import 'firebase/<PACKAGE>';

Typescript:
import * as firebase from 'firebase/app';
import 'firebase/<PACKAGE>';
", source: http://192.168.56.1:3000/static/js/0.chunk.js (75830)
[1115/112649.287:INFO:CONSOLE(110205)] "Warning: Each child in a list should have a unique "key" prop.%s%s See https://fb.me/react-warning-keys for more information.%s", source: http://192.168.56.1:3000/static/js/0.chunk.js (110205)
[1115/122512.869:INFO:CONSOLE(108763)] "%cDownload the React DevTools for a better development experience: https://fb.me/react-devtools", source: http://192.168.56.1:3000/static/js/1.chunk.js (108763)
[1115/122512.988:INFO:CONSOLE(75830)] "
It looks like you're using the development build of the Firebase JS SDK.
When deploying Firebase apps to production, it is advisable to only import
the individual SDK components you intend to use.

For the module builds, these are available in the following manner
(replace <PACKAGE> with the name of a component - i.e. auth, database, etc):

CommonJS Modules:
const firebase = require('firebase/app');
require('firebase/<PACKAGE>');

ES Modules:
import firebase from 'firebase/app';
import 'firebase/<PACKAGE>';

Typescript:
import * as firebase from 'firebase/app';
import 'firebase/<PACKAGE>';
", source: http://192.168.56.1:3000/static/js/1.chunk.js (75830)
[1115/122514.977:INFO:CONSOLE(110205)] "Warning: Each child in a list should have a unique "key" prop.%s%s See https://fb.me/react-warning-keys for more information.%s", source: http://192.168.56.1:3000/static/js/1.chunk.js (110205)
[1115/123127.611:INFO:CONSOLE(108763)] "%cDownload the React DevTools for a better development experience: https://fb.me/react-devtools", source: http://192.168.56.1:3000/static/js/1.chunk.js (108763)
[1115/123127.656:INFO:CONSOLE(75830)] "
It looks like you're using the development build of the Firebase JS SDK.
When deploying Firebase apps to production, it is advisable to only import
the individual SDK components you intend to use.

For the module builds, these are available in the following manner
(replace <PACKAGE> with the name of a component - i.e. auth, database, etc):

CommonJS Modules:
const firebase = require('firebase/app');
require('firebase/<PACKAGE>');

ES Modules:
import firebase from 'firebase/app';
import 'firebase/<PACKAGE>';

Typescript:
import * as firebase from 'firebase/app';
import 'firebase/<PACKAGE>';
", source: http://192.168.56.1:3000/static/js/1.chunk.js (75830)
[1115/123129.434:INFO:CONSOLE(110205)] "Warning: Each child in a list should have a unique "key" prop.%s%s See https://fb.me/react-warning-keys for more information.%s", source: http://192.168.56.1:3000/static/js/1.chunk.js (110205)
[1115/123322.231:INFO:CONSOLE(108763)] "%cDownload the React DevTools for a better development experience: https://fb.me/react-devtools", source: http://192.168.56.1:3000/static/js/0.chunk.js (108763)
[1115/123322.274:INFO:CONSOLE(75830)] "
It looks like you're using the development build of the Firebase JS SDK.
When deploying Firebase apps to production, it is advisable to only import
the individual SDK components you intend to use.

For the module builds, these are available in the following manner
(replace <PACKAGE> with the name of a component - i.e. auth, database, etc):

CommonJS Modules:
const firebase = require('firebase/app');
require('firebase/<PACKAGE>');

ES Modules:
import firebase from 'firebase/app';
import 'firebase/<PACKAGE>';

Typescript:
import * as firebase from 'firebase/app';
import 'firebase/<PACKAGE>';
", source: http://192.168.56.1:3000/static/js/0.chunk.js (75830)
[1115/123323.970:INFO:CONSOLE(110205)] "Warning: Each child in a list should have a unique "key" prop.%s%s See https://fb.me/react-warning-keys for more information.%s", source: http://192.168.56.1:3000/static/js/0.chunk.js (110205)
[1115/123949.278:INFO:CONSOLE(108763)] "%cDownload the React DevTools for a better development experience: https://fb.me/react-devtools", source: http://192.168.56.1:3000/static/js/0.chunk.js (108763)
[1115/123949.330:INFO:CONSOLE(75830)] "
It looks like you're using the development build of the Firebase JS SDK.
When deploying Firebase apps to production, it is advisable to only import
the individual SDK components you intend to use.

For the module builds, these are available in the following manner
(replace <PACKAGE> with the name of a component - i.e. auth, database, etc):

CommonJS Modules:
const firebase = require('firebase/app');
require('firebase/<PACKAGE>');

ES Modules:
import firebase from 'firebase/app';
import 'firebase/<PACKAGE>';

Typescript:
import * as firebase from 'firebase/app';
import 'firebase/<PACKAGE>';
", source: http://192.168.56.1:3000/static/js/0.chunk.js (75830)
[1115/123951.093:INFO:CONSOLE(110205)] "Warning: Each child in a list should have a unique "key" prop.%s%s See https://fb.me/react-warning-keys for more information.%s", source: http://192.168.56.1:3000/static/js/0.chunk.js (110205)
[1115/124050.056:INFO:CONSOLE(108763)] "%cDownload the React DevTools for a better development experience: https://fb.me/react-devtools", source: http://192.168.56.1:3000/static/js/0.chunk.js (108763)
[1115/124050.119:INFO:CONSOLE(75830)] "
It looks like you're using the development build of the Firebase JS SDK.
When deploying Firebase apps to production, it is advisable to only import
the individual SDK components you intend to use.

For the module builds, these are available in the following manner
(replace <PACKAGE> with the name of a component - i.e. auth, database, etc):

CommonJS Modules:
const firebase = require('firebase/app');
require('firebase/<PACKAGE>');

ES Modules:
import firebase from 'firebase/app';
import 'firebase/<PACKAGE>';

Typescript:
import * as firebase from 'firebase/app';
import 'firebase/<PACKAGE>';
", source: http://192.168.56.1:3000/static/js/0.chunk.js (75830)
[1115/124051.785:INFO:CONSOLE(110205)] "Warning: Each child in a list should have a unique "key" prop.%s%s See https://fb.me/react-warning-keys for more information.%s", source: http://192.168.56.1:3000/static/js/0.chunk.js (110205)
[1115/124230.956:INFO:CONSOLE(108763)] "%cDownload the React DevTools for a better development experience: https://fb.me/react-devtools", source: http://192.168.56.1:3000/static/js/1.chunk.js (108763)
[1115/124231.043:INFO:CONSOLE(75830)] "
It looks like you're using the development build of the Firebase JS SDK.
When deploying Firebase apps to production, it is advisable to only import
the individual SDK components you intend to use.

For the module builds, these are available in the following manner
(replace <PACKAGE> with the name of a component - i.e. auth, database, etc):

CommonJS Modules:
const firebase = require('firebase/app');
require('firebase/<PACKAGE>');

ES Modules:
import firebase from 'firebase/app';
import 'firebase/<PACKAGE>';

Typescript:
import * as firebase from 'firebase/app';
import 'firebase/<PACKAGE>';
", source: http://192.168.56.1:3000/static/js/1.chunk.js (75830)
[1115/124232.778:INFO:CONSOLE(110205)] "Warning: Each child in a list should have a unique "key" prop.%s%s See https://fb.me/react-warning-keys for more information.%s", source: http://192.168.56.1:3000/static/js/1.chunk.js (110205)
[1115/124336.280:INFO:CONSOLE(108763)] "%cDownload the React DevTools for a better development experience: https://fb.me/react-devtools", source: http://192.168.56.1:3000/static/js/0.chunk.js (108763)
[1115/124336.507:INFO:CONSOLE(75830)] "
It looks like you're using the development build of the Firebase JS SDK.
When deploying Firebase apps to production, it is advisable to only import
the individual SDK components you intend to use.

For the module builds, these are available in the following manner
(replace <PACKAGE> with the name of a component - i.e. auth, database, etc):

CommonJS Modules:
const firebase = require('firebase/app');
require('firebase/<PACKAGE>');

ES Modules:
import firebase from 'firebase/app';
import 'firebase/<PACKAGE>';

Typescript:
import * as firebase from 'firebase/app';
import 'firebase/<PACKAGE>';
", source: http://192.168.56.1:3000/static/js/0.chunk.js (75830)
[1115/124339.906:INFO:CONSOLE(110205)] "Warning: Each child in a list should have a unique "key" prop.%s%s See https://fb.me/react-warning-keys for more information.%s", source: http://192.168.56.1:3000/static/js/0.chunk.js (110205)
[1115/172446.257:INFO:CONSOLE(108763)] "%cDownload the React DevTools for a better development experience: https://fb.me/react-devtools", source: http://192.168.56.1:3000/static/js/1.chunk.js (108763)
[1115/172446.307:INFO:CONSOLE(75830)] "
It looks like you're using the development build of the Firebase JS SDK.
When deploying Firebase apps to production, it is advisable to only import
the individual SDK components you intend to use.

For the module builds, these are available in the following manner
(replace <PACKAGE> with the name of a component - i.e. auth, database, etc):

CommonJS Modules:
const firebase = require('firebase/app');
require('firebase/<PACKAGE>');

ES Modules:
import firebase from 'firebase/app';
import 'firebase/<PACKAGE>';

Typescript:
import * as firebase from 'firebase/app';
import 'firebase/<PACKAGE>';
", source: http://192.168.56.1:3000/static/js/1.chunk.js (75830)
[1115/172447.000:INFO:CONSOLE(120032)] "WebSocket connection to 'ws://192.168.56.1:3000/sockjs-node/638/ndqlc3ki/websocket' failed: WebSocket is closed before the connection is established.", source: http://192.168.56.1:3000/static/js/1.chunk.js (120032)
[1115/172448.874:INFO:CONSOLE(110205)] "Warning: Each child in a list should have a unique "key" prop.%s%s See https://fb.me/react-warning-keys for more information.%s", source: http://192.168.56.1:3000/static/js/1.chunk.js (110205)
[1115/172654.217:INFO:CONSOLE(108763)] "%cDownload the React DevTools for a better development experience: https://fb.me/react-devtools", source: http://192.168.56.1:3000/static/js/1.chunk.js (108763)
[1115/172654.268:INFO:CONSOLE(75830)] "
It looks like you're using the development build of the Firebase JS SDK.
When deploying Firebase apps to production, it is advisable to only import
the individual SDK components you intend to use.

For the module builds, these are available in the following manner
(replace <PACKAGE> with the name of a component - i.e. auth, database, etc):

CommonJS Modules:
const firebase = require('firebase/app');
require('firebase/<PACKAGE>');

ES Modules:
import firebase from 'firebase/app';
import 'firebase/<PACKAGE>';

Typescript:
import * as firebase from 'firebase/app';
import 'firebase/<PACKAGE>';
", source: http://192.168.56.1:3000/static/js/1.chunk.js (75830)
[1115/172656.235:INFO:CONSOLE(110205)] "Warning: Each child in a list should have a unique "key" prop.%s%s See https://fb.me/react-warning-keys for more information.%s", source: http://192.168.56.1:3000/static/js/1.chunk.js (110205)
[1115/172755.224:INFO:CONSOLE(0)] "Access to fetch at 'https://firebaseinstallations.googleapis.com/v1/projects/everythingisfucked/installations' from origin 'http://192.168.56.1:3000' has been blocked by CORS policy: No 'Access-Control-Allow-Origin' header is present on the requested resource. If an opaque response serves your needs, set the request's mode to 'no-cors' to fetch the resource with CORS disabled.", source: http://192.168.56.1:3000/municipal (0)
[1115/172755.273:INFO:CONSOLE(110205)] "TypeError: Failed to fetch", source: http://192.168.56.1:3000/static/js/1.chunk.js (110205)
[1115/182701.213:INFO:CONSOLE(108763)] "%cDownload the React DevTools for a better development experience: https://fb.me/react-devtools", source: http://192.168.56.1:3000/static/js/1.chunk.js (108763)
[1115/182701.268:INFO:CONSOLE(75830)] "
It looks like you're using the development build of the Firebase JS SDK.
When deploying Firebase apps to production, it is advisable to only import
the individual SDK components you intend to use.

For the module builds, these are available in the following manner
(replace <PACKAGE> with the name of a component - i.e. auth, database, etc):

CommonJS Modules:
const firebase = require('firebase/app');
require('firebase/<PACKAGE>');

ES Modules:
import firebase from 'firebase/app';
import 'firebase/<PACKAGE>';

Typescript:
import * as firebase from 'firebase/app';
import 'firebase/<PACKAGE>';
", source: http://192.168.56.1:3000/static/js/1.chunk.js (75830)
[1115/182703.248:INFO:CONSOLE(110205)] "Warning: Each child in a list should have a unique "key" prop.%s%s See https://fb.me/react-warning-keys for more information.%s", source: http://192.168.56.1:3000/static/js/1.chunk.js (110205)
[1115/190303.584:INFO:CONSOLE(108763)] "%cDownload the React DevTools for a better development experience: https://fb.me/react-devtools", source: http://192.168.56.1:3000/static/js/1.chunk.js (108763)
[1115/190303.585:INFO:CONSOLE(108763)] "%cDownload the React DevTools for a better development experience: https://fb.me/react-devtools", source: http://192.168.56.1:3000/static/js/1.chunk.js (108763)
[1115/190303.898:INFO:CONSOLE(75830)] "
It looks like you're using the development build of the Firebase JS SDK.
When deploying Firebase apps to production, it is advisable to only import
the individual SDK components you intend to use.

For the module builds, these are available in the following manner
(replace <PACKAGE> with the name of a component - i.e. auth, database, etc):

CommonJS Modules:
const firebase = require('firebase/app');
require('firebase/<PACKAGE>');

ES Modules:
import firebase from 'firebase/app';
import 'firebase/<PACKAGE>';

Typescript:
import * as firebase from 'firebase/app';
import 'firebase/<PACKAGE>';
", source: http://192.168.56.1:3000/static/js/1.chunk.js (75830)
[1115/190303.898:INFO:CONSOLE(75830)] "
It looks like you're using the development build of the Firebase JS SDK.
When deploying Firebase apps to production, it is advisable to only import
the individual SDK components you intend to use.

For the module builds, these are available in the following manner
(replace <PACKAGE> with the name of a component - i.e. auth, database, etc):

CommonJS Modules:
const firebase = require('firebase/app');
require('firebase/<PACKAGE>');

ES Modules:
import firebase from 'firebase/app';
import 'firebase/<PACKAGE>';

Typescript:
import * as firebase from 'firebase/app';
import 'firebase/<PACKAGE>';
", source: http://192.168.56.1:3000/static/js/1.chunk.js (75830)
[1115/190308.517:INFO:CONSOLE(110205)] "Warning: Each child in a list should have a unique "key" prop.%s%s See https://fb.me/react-warning-keys for more information.%s", source: http://192.168.56.1:3000/static/js/1.chunk.js (110205)
[1115/190309.349:INFO:CONSOLE(110205)] "Warning: Each child in a list should have a unique "key" prop.%s%s See https://fb.me/react-warning-keys for more information.%s", source: http://192.168.56.1:3000/static/js/1.chunk.js (110205)
[1116/104147.691:WARNING:ipc_message_attachment_set.cc(49)] MessageAttachmentSet destroyed with unconsumed attachments: 0/1
[1116/104945.928:INFO:CONSOLE(108763)] "%cDownload the React DevTools for a better development experience: https://fb.me/react-devtools", source: http://192.168.56.1:3000/static/js/0.chunk.js (108763)
[1116/104946.171:INFO:CONSOLE(75830)] "
It looks like you're using the development build of the Firebase JS SDK.
When deploying Firebase apps to production, it is advisable to only import
the individual SDK components you intend to use.

For the module builds, these are available in the following manner
(replace <PACKAGE> with the name of a component - i.e. auth, database, etc):

CommonJS Modules:
const firebase = require('firebase/app');
require('firebase/<PACKAGE>');

ES Modules:
import firebase from 'firebase/app';
import 'firebase/<PACKAGE>';

Typescript:
import * as firebase from 'firebase/app';
import 'firebase/<PACKAGE>';
", source: http://192.168.56.1:3000/static/js/0.chunk.js (75830)
[1116/104949.312:INFO:CONSOLE(110205)] "Warning: Each child in a list should have a unique "key" prop.%s%s See https://fb.me/react-warning-keys for more information.%s", source: http://192.168.56.1:3000/static/js/0.chunk.js (110205)
[1116/105057.608:INFO:CONSOLE(108763)] "%cDownload the React DevTools for a better development experience: https://fb.me/react-devtools", source: http://192.168.56.1:3000/static/js/0.chunk.js (108763)
[1116/105057.761:INFO:CONSOLE(75830)] "
It looks like you're using the development build of the Firebase JS SDK.
When deploying Firebase apps to production, it is advisable to only import
the individual SDK components you intend to use.

For the module builds, these are available in the following manner
(replace <PACKAGE> with the name of a component - i.e. auth, database, etc):

CommonJS Modules:
const firebase = require('firebase/app');
require('firebase/<PACKAGE>');

ES Modules:
import firebase from 'firebase/app';
import 'firebase/<PACKAGE>';

Typescript:
import * as firebase from 'firebase/app';
import 'firebase/<PACKAGE>';
", source: http://192.168.56.1:3000/static/js/0.chunk.js (75830)
[1116/105101.024:INFO:CONSOLE(110205)] "Warning: Each child in a list should have a unique "key" prop.%s%s See https://fb.me/react-warning-keys for more information.%s", source: http://192.168.56.1:3000/static/js/0.chunk.js (110205)
[1116/105426.924:INFO:CONSOLE(108763)] "%cDownload the React DevTools for a better development experience: https://fb.me/react-devtools", source: http://192.168.56.1:3000/static/js/0.chunk.js (108763)
[1116/105427.003:INFO:CONSOLE(75830)] "
It looks like you're using the development build of the Firebase JS SDK.
When deploying Firebase apps to production, it is advisable to only import
the individual SDK components you intend to use.

For the module builds, these are available in the following manner
(replace <PACKAGE> with the name of a component - i.e. auth, database, etc):

CommonJS Modules:
const firebase = require('firebase/app');
require('firebase/<PACKAGE>');

ES Modules:
import firebase from 'firebase/app';
import 'firebase/<PACKAGE>';

Typescript:
import * as firebase from 'firebase/app';
import 'firebase/<PACKAGE>';
", source: http://192.168.56.1:3000/static/js/0.chunk.js (75830)
[1116/105430.304:INFO:CONSOLE(110205)] "Warning: Each child in a list should have a unique "key" prop.%s%s See https://fb.me/react-warning-keys for more information.%s", source: http://192.168.56.1:3000/static/js/0.chunk.js (110205)
[1116/105631.565:INFO:CONSOLE(108763)] "%cDownload the React DevTools for a better development experience: https://fb.me/react-devtools", source: http://192.168.56.1:3000/static/js/0.chunk.js (108763)
[1116/105631.641:INFO:CONSOLE(75830)] "
It looks like you're using the development build of the Firebase JS SDK.
When deploying Firebase apps to production, it is advisable to only import
the individual SDK components you intend to use.

For the module builds, these are available in the following manner
(replace <PACKAGE> with the name of a component - i.e. auth, database, etc):

CommonJS Modules:
const firebase = require('firebase/app');
require('firebase/<PACKAGE>');

ES Modules:
import firebase from 'firebase/app';
import 'firebase/<PACKAGE>';

Typescript:
import * as firebase from 'firebase/app';
import 'firebase/<PACKAGE>';
", source: http://192.168.56.1:3000/static/js/0.chunk.js (75830)
[1116/105634.991:INFO:CONSOLE(110205)] "Warning: Each child in a list should have a unique "key" prop.%s%s See https://fb.me/react-warning-keys for more information.%s", source: http://192.168.56.1:3000/static/js/0.chunk.js (110205)
[1116/105914.998:INFO:CONSOLE(108763)] "%cDownload the React DevTools for a better development experience: https://fb.me/react-devtools", source: http://192.168.56.1:3000/static/js/0.chunk.js (108763)
[1116/105915.043:INFO:CONSOLE(75830)] "
It looks like you're using the development build of the Firebase JS SDK.
When deploying Firebase apps to production, it is advisable to only import
the individual SDK components you intend to use.

For the module builds, these are available in the following manner
(replace <PACKAGE> with the name of a component - i.e. auth, database, etc):

CommonJS Modules:
const firebase = require('firebase/app');
require('firebase/<PACKAGE>');

ES Modules:
import firebase from 'firebase/app';
import 'firebase/<PACKAGE>';

Typescript:
import * as firebase from 'firebase/app';
import 'firebase/<PACKAGE>';
", source: http://192.168.56.1:3000/static/js/0.chunk.js (75830)
[1116/105917.264:INFO:CONSOLE(110205)] "Warning: Each child in a list should have a unique "key" prop.%s%s See https://fb.me/react-warning-keys for more information.%s", source: http://192.168.56.1:3000/static/js/0.chunk.js (110205)
